current directory: /Users/joey.chang/environment/hello_app/hello_app/bundle/ruby/2.5.0/gems/bindex-0.8.1/ext/skiptrace
/Users/joey.chang/.rbenv/versions/2.5.8/bin/ruby -I /Users/joey.chang/.rbenv/versions/2.5.8/lib/ruby/site_ruby/2.5.0 -r ./siteconf20220503-40997-ipwaqp.rb extconf.rb
creating Makefile

current directory: /Users/joey.chang/environment/hello_app/hello_app/bundle/ruby/2.5.0/gems/bindex-0.8.1/ext/skiptrace
make DESTDIR\= clean

current directory: /Users/joey.chang/environment/hello_app/hello_app/bundle/ruby/2.5.0/gems/bindex-0.8.1/ext/skiptrace
make DESTDIR\=
compiling cruby.c
cruby.c:74:17: warning: '(' and '{' tokens introducing statement expression appear in different macro expansion contexts [-Wcompound-token-split-by-macro]
  id_bindings = rb_intern("bindings");
                ^~~~~~~~~~~~~~~~~~~~~
/Users/joey.chang/.rbenv/versions/2.5.8/include/ruby-2.5.0/ruby/ruby.h:1755:23: note: expanded from macro 'rb_intern'
        __extension__ (RUBY_CONST_ID_CACHE((ID), (str))) : \
                      ^
cruby.c:74:17: note: '{' token is here
  id_bindings = rb_intern("bindings");
                ^~~~~~~~~~~~~~~~~~~~~
/Users/joey.chang/.rbenv/versions/2.5.8/include/ruby-2.5.0/ruby/ruby.h:1755:24: note: expanded from macro 'rb_intern'
        __extension__ (RUBY_CONST_ID_CACHE((ID), (str))) : \
                       ^~~~~~~~~~~~~~~~~~~~~~~~~~~~~~~~
/Users/joey.chang/.rbenv/versions/2.5.8/include/ruby-2.5.0/ruby/ruby.h:1740:5: note: expanded from macro 'RUBY_CONST_ID_CACHE'
    {                                                   \
    ^
cruby.c:74:17: warning: '}' and ')' tokens terminating statement expression appear in different macro expansion contexts [-Wcompound-token-split-by-macro]
  id_bindings = rb_intern("bindings");
                ^~~~~~~~~~~~~~~~~~~~~
/Users/joey.chang/.rbenv/versions/2.5.8/include/ruby-2.5.0/ruby/ruby.h:1755:24: note: expanded from macro 'rb_intern'
        __extension__ (RUBY_CONST_ID_CACHE((ID), (str))) : \
                       ^~~~~~~~~~~~~~~~~~~~~~~~~~~~~~~~
/Users/joey.chang/.rbenv/versions/2.5.8/include/ruby-2.5.0/ruby/ruby.h:1745:5: note: expanded from macro 'RUBY_CONST_ID_CACHE'
    }
    ^
cruby.c:74:17: note: ')' token is here
  id_bindings = rb_intern("bindings");
                ^~~~~~~~~~~~~~~~~~~~~
/Users/joey.chang/.rbenv/versions/2.5.8/include/ruby-2.5.0/ruby/ruby.h:1755:56: note: expanded from macro 'rb_intern'
        __extension__ (RUBY_CONST_ID_CACHE((ID), (str))) : \
                                                       ^
2 warnings generated.
linking shared-object skiptrace/internal/cruby.bundle

current directory: /Users/joey.chang/environment/hello_app/hello_app/bundle/ruby/2.5.0/gems/bindex-0.8.1/ext/skiptrace
make DESTDIR\= install
/usr/bin/install -c -m 0755 cruby.bundle ./.gem.20220503-40997-10gfylz/skiptrace/internal
